<?xml version="1.0" encoding="UTF-8"?>
<!-- Generated by org.testng.reporters.JUnitReportReporter -->
<testsuite skipped="0" hostname="DESKTOP-5ALPQRC" name="driver.DriverClass" tests="1" failures="0" timestamp="12 May 2021 17:49:58 GMT" time="17.842" errors="0">
  <testcase name="driverMethod" time="17.842" classname="driver.DriverClass"/>
</testsuite> <!-- driver.DriverClass -->
